L:\CPSC5125\FIRSTAPP3D2.0\DEBUG\FIRSTAPP.ILK
L:\CPSC5125\FIRSTAPP3D2.0\DEBUG\FIRSTAPP.EXE
L:\CPSC5125\FIRSTAPP3D2.0\DEBUG\FIRSTAPP.PDB
L:\CPSC5125\FIRSTAPP3D2.0\FIRSTAPP\DEBUG\EXAMPLE1.OBJ
L:\CPSC5125\FIRSTAPP3D2.0\FIRSTAPP\DEBUG\INITSHADER.OBJ
L:\CPSC5125\FIRSTAPP3D2.0\FIRSTAPP\DEBUG\VC110.PDB
L:\CPSC5125\FIRSTAPP3D2.0\FIRSTAPP\DEBUG\GLEE.OBJ
L:\CPSC5125\FirstApp3D2.0\FirstApp\Debug\Example1.obj
L:\CPSC5125\FirstApp3D2.0\FirstApp\Debug\GLee.obj
L:\CPSC5125\FirstApp3D2.0\FirstApp\Debug\InitShader.obj
L:\CPSC5125\FirstApp3D2.0\FirstApp\Debug\cl.command.1.tlog
L:\CPSC5125\FirstApp3D2.0\FirstApp\Debug\fxc.read.1.tlog
L:\CPSC5125\FirstApp3D2.0\FirstApp\Debug\FXC.write.1.tlog
L:\CPSC5125\FirstApp3D2.0\FirstApp\Debug\link-cvtres.read.1.tlog
L:\CPSC5125\FirstApp3D2.0\FirstApp\Debug\link-cvtres.write.1.tlog
L:\CPSC5125\FirstApp3D2.0\FirstApp\Debug\link-rc.read.1.tlog
L:\CPSC5125\FirstApp3D2.0\FirstApp\Debug\link-rc.write.1.tlog
L:\CPSC5125\FirstApp3D2.0\FirstApp\Debug\link.2812-cvtres.read.1.tlog
L:\CPSC5125\FirstApp3D2.0\FirstApp\Debug\link.2812-cvtres.write.1.tlog
L:\CPSC5125\FirstApp3D2.0\FirstApp\Debug\link.2812-rc.read.1.tlog
L:\CPSC5125\FirstApp3D2.0\FirstApp\Debug\link.2812-rc.write.1.tlog
L:\CPSC5125\FirstApp3D2.0\FirstApp\Debug\link.2812.read.1.tlog
L:\CPSC5125\FirstApp3D2.0\FirstApp\Debug\link.2812.write.1.tlog
L:\CPSC5125\FirstApp3D2.0\FirstApp\Debug\link.4156-cvtres.read.1.tlog
L:\CPSC5125\FirstApp3D2.0\FirstApp\Debug\link.4156-cvtres.write.1.tlog
L:\CPSC5125\FirstApp3D2.0\FirstApp\Debug\link.4156-rc.read.1.tlog
L:\CPSC5125\FirstApp3D2.0\FirstApp\Debug\link.4156-rc.write.1.tlog
L:\CPSC5125\FirstApp3D2.0\FirstApp\Debug\link.4156.read.1.tlog
L:\CPSC5125\FirstApp3D2.0\FirstApp\Debug\link.4156.write.1.tlog
L:\CPSC5125\FirstApp3D2.0\FirstApp\Debug\link.4572-cvtres.read.1.tlog
L:\CPSC5125\FirstApp3D2.0\FirstApp\Debug\link.4572-cvtres.write.1.tlog
L:\CPSC5125\FirstApp3D2.0\FirstApp\Debug\link.4572-rc.read.1.tlog
L:\CPSC5125\FirstApp3D2.0\FirstApp\Debug\link.4572-rc.write.1.tlog
L:\CPSC5125\FirstApp3D2.0\FirstApp\Debug\link.4572.read.1.tlog
L:\CPSC5125\FirstApp3D2.0\FirstApp\Debug\link.4572.write.1.tlog
L:\CPSC5125\FirstApp3D2.0\FirstApp\Debug\link.5420-cvtres.read.1.tlog
L:\CPSC5125\FirstApp3D2.0\FirstApp\Debug\link.5420-cvtres.write.1.tlog
L:\CPSC5125\FirstApp3D2.0\FirstApp\Debug\link.5420-rc.read.1.tlog
L:\CPSC5125\FirstApp3D2.0\FirstApp\Debug\link.5420-rc.write.1.tlog
L:\CPSC5125\FirstApp3D2.0\FirstApp\Debug\link.5420.read.1.tlog
L:\CPSC5125\FirstApp3D2.0\FirstApp\Debug\link.5420.write.1.tlog
L:\CPSC5125\FirstApp3D2.0\FirstApp\Debug\link.5644-cvtres.read.1.tlog
L:\CPSC5125\FirstApp3D2.0\FirstApp\Debug\link.5644-cvtres.write.1.tlog
L:\CPSC5125\FirstApp3D2.0\FirstApp\Debug\link.5644-rc.read.1.tlog
L:\CPSC5125\FirstApp3D2.0\FirstApp\Debug\link.5644-rc.write.1.tlog
L:\CPSC5125\FirstApp3D2.0\FirstApp\Debug\link.5644.read.1.tlog
L:\CPSC5125\FirstApp3D2.0\FirstApp\Debug\link.5644.write.1.tlog
L:\CPSC5125\FirstApp3D2.0\FirstApp\Debug\link.5700-cvtres.read.1.tlog
L:\CPSC5125\FirstApp3D2.0\FirstApp\Debug\link.5700-cvtres.write.1.tlog
L:\CPSC5125\FirstApp3D2.0\FirstApp\Debug\link.5700-rc.read.1.tlog
L:\CPSC5125\FirstApp3D2.0\FirstApp\Debug\link.5700-rc.write.1.tlog
L:\CPSC5125\FirstApp3D2.0\FirstApp\Debug\link.5700.read.1.tlog
L:\CPSC5125\FirstApp3D2.0\FirstApp\Debug\link.5700.write.1.tlog
L:\CPSC5125\FirstApp3D2.0\FirstApp\Debug\link.5876-cvtres.read.1.tlog
L:\CPSC5125\FirstApp3D2.0\FirstApp\Debug\link.5876-cvtres.write.1.tlog
L:\CPSC5125\FirstApp3D2.0\FirstApp\Debug\link.5876-rc.read.1.tlog
L:\CPSC5125\FirstApp3D2.0\FirstApp\Debug\link.5876-rc.write.1.tlog
L:\CPSC5125\FirstApp3D2.0\FirstApp\Debug\link.5876.read.1.tlog
L:\CPSC5125\FirstApp3D2.0\FirstApp\Debug\link.5876.write.1.tlog
L:\CPSC5125\FirstApp3D2.0\FirstApp\Debug\link.6600-cvtres.read.1.tlog
L:\CPSC5125\FirstApp3D2.0\FirstApp\Debug\link.6600-cvtres.write.1.tlog
L:\CPSC5125\FirstApp3D2.0\FirstApp\Debug\link.6600-rc.read.1.tlog
L:\CPSC5125\FirstApp3D2.0\FirstApp\Debug\link.6600-rc.write.1.tlog
L:\CPSC5125\FirstApp3D2.0\FirstApp\Debug\link.6600.read.1.tlog
L:\CPSC5125\FirstApp3D2.0\FirstApp\Debug\link.6600.write.1.tlog
L:\CPSC5125\FirstApp3D2.0\FirstApp\Debug\link.6888-cvtres.read.1.tlog
L:\CPSC5125\FirstApp3D2.0\FirstApp\Debug\link.6888-cvtres.write.1.tlog
L:\CPSC5125\FirstApp3D2.0\FirstApp\Debug\link.6888-rc.read.1.tlog
L:\CPSC5125\FirstApp3D2.0\FirstApp\Debug\link.6888-rc.write.1.tlog
L:\CPSC5125\FirstApp3D2.0\FirstApp\Debug\link.6888.read.1.tlog
L:\CPSC5125\FirstApp3D2.0\FirstApp\Debug\link.6888.write.1.tlog
L:\CPSC5125\FirstApp3D2.0\FirstApp\Debug\link.7272-cvtres.read.1.tlog
L:\CPSC5125\FirstApp3D2.0\FirstApp\Debug\link.7272-cvtres.write.1.tlog
L:\CPSC5125\FirstApp3D2.0\FirstApp\Debug\link.7272-rc.read.1.tlog
L:\CPSC5125\FirstApp3D2.0\FirstApp\Debug\link.7272-rc.write.1.tlog
L:\CPSC5125\FirstApp3D2.0\FirstApp\Debug\link.7272.read.1.tlog
L:\CPSC5125\FirstApp3D2.0\FirstApp\Debug\link.7272.write.1.tlog
L:\CPSC5125\FirstApp3D2.0\FirstApp\Debug\link.7376-cvtres.read.1.tlog
L:\CPSC5125\FirstApp3D2.0\FirstApp\Debug\link.7376-cvtres.write.1.tlog
L:\CPSC5125\FirstApp3D2.0\FirstApp\Debug\link.7376-rc.read.1.tlog
L:\CPSC5125\FirstApp3D2.0\FirstApp\Debug\link.7376-rc.write.1.tlog
L:\CPSC5125\FirstApp3D2.0\FirstApp\Debug\link.7376.read.1.tlog
L:\CPSC5125\FirstApp3D2.0\FirstApp\Debug\link.7376.write.1.tlog
L:\CPSC5125\FirstApp3D2.0\FirstApp\Debug\link.7440-cvtres.read.1.tlog
L:\CPSC5125\FirstApp3D2.0\FirstApp\Debug\link.7440-cvtres.write.1.tlog
L:\CPSC5125\FirstApp3D2.0\FirstApp\Debug\link.7440-rc.read.1.tlog
L:\CPSC5125\FirstApp3D2.0\FirstApp\Debug\link.7440-rc.write.1.tlog
L:\CPSC5125\FirstApp3D2.0\FirstApp\Debug\link.7440.read.1.tlog
L:\CPSC5125\FirstApp3D2.0\FirstApp\Debug\link.7440.write.1.tlog
L:\CPSC5125\FirstApp3D2.0\FirstApp\Debug\link.7592-cvtres.read.1.tlog
L:\CPSC5125\FirstApp3D2.0\FirstApp\Debug\link.7592-cvtres.write.1.tlog
L:\CPSC5125\FirstApp3D2.0\FirstApp\Debug\link.7592-rc.read.1.tlog
L:\CPSC5125\FirstApp3D2.0\FirstApp\Debug\link.7592-rc.write.1.tlog
L:\CPSC5125\FirstApp3D2.0\FirstApp\Debug\link.7592.read.1.tlog
L:\CPSC5125\FirstApp3D2.0\FirstApp\Debug\link.7592.write.1.tlog
L:\CPSC5125\FirstApp3D2.0\FirstApp\Debug\link.8156-cvtres.read.1.tlog
L:\CPSC5125\FirstApp3D2.0\FirstApp\Debug\link.8156-cvtres.write.1.tlog
L:\CPSC5125\FirstApp3D2.0\FirstApp\Debug\link.8156-rc.read.1.tlog
L:\CPSC5125\FirstApp3D2.0\FirstApp\Debug\link.8156-rc.write.1.tlog
L:\CPSC5125\FirstApp3D2.0\FirstApp\Debug\link.8156.read.1.tlog
L:\CPSC5125\FirstApp3D2.0\FirstApp\Debug\link.8156.write.1.tlog
L:\CPSC5125\FirstApp3D2.0\FirstApp\Debug\link.876-cvtres.read.1.tlog
L:\CPSC5125\FirstApp3D2.0\FirstApp\Debug\link.876-cvtres.write.1.tlog
L:\CPSC5125\FirstApp3D2.0\FirstApp\Debug\link.876-rc.read.1.tlog
L:\CPSC5125\FirstApp3D2.0\FirstApp\Debug\link.876-rc.write.1.tlog
L:\CPSC5125\FirstApp3D2.0\FirstApp\Debug\link.876.read.1.tlog
L:\CPSC5125\FirstApp3D2.0\FirstApp\Debug\link.876.write.1.tlog
L:\CPSC5125\FirstApp3D2.0\FirstApp\Debug\link.8812-cvtres.read.1.tlog
L:\CPSC5125\FirstApp3D2.0\FirstApp\Debug\link.8812-cvtres.write.1.tlog
L:\CPSC5125\FirstApp3D2.0\FirstApp\Debug\link.8812-rc.read.1.tlog
L:\CPSC5125\FirstApp3D2.0\FirstApp\Debug\link.8812-rc.write.1.tlog
L:\CPSC5125\FirstApp3D2.0\FirstApp\Debug\link.8812.read.1.tlog
L:\CPSC5125\FirstApp3D2.0\FirstApp\Debug\link.8812.write.1.tlog
L:\CPSC5125\FirstApp3D2.0\FirstApp\Debug\link.9992-cvtres.read.1.tlog
L:\CPSC5125\FirstApp3D2.0\FirstApp\Debug\link.9992-cvtres.write.1.tlog
L:\CPSC5125\FirstApp3D2.0\FirstApp\Debug\link.9992-rc.read.1.tlog
L:\CPSC5125\FirstApp3D2.0\FirstApp\Debug\link.9992-rc.write.1.tlog
L:\CPSC5125\FirstApp3D2.0\FirstApp\Debug\link.9992.read.1.tlog
L:\CPSC5125\FirstApp3D2.0\FirstApp\Debug\link.9992.write.1.tlog
L:\CPSC5125\FirstApp3D2.0\FirstApp\Debug\link.command.1.tlog
L:\CPSC5125\FirstApp3D2.0\FirstApp\Debug\FXC.command.1.tlog
L:\CPSC5125\FirstApp3D2.0\FirstApp\Debug\CL.read.1.tlog
L:\CPSC5125\FirstApp3D2.0\FirstApp\Debug\link.read.1.tlog
L:\CPSC5125\FirstApp3D2.0\FirstApp\Debug\link.write.1.tlog
L:\CPSC5125\FirstApp3D2.0\FirstApp\Debug\CL.write.1.tlog
L:\CPSC5125\FirstApp3D2.0\FirstApp\Debug\vc100.idb
L:\CPSC5125\FirstApp3D2.0\FirstApp\Debug\vc110.idb
L:\CPSC5125\FirstApp3D2.0\FirstApp\Debug\vc120.idb
L:\CPSC5125\FirstApp3D2.0\FirstApp\Debug\vc100.pdb
L:\CPSC5125\FirstApp3D2.0\FirstApp\Debug\vc110.pdb
L:\CPSC5125\FirstApp3D2.0\FirstApp\Debug\vc120.pdb
L:\CPSC5125\FirstApp3D2.0\Debug\FirstApp.pdb
L:\CPSC5125\FirstApp3D2.0\Debug\FirstApp.exe
L:\CPSC5125\FirstApp3D2.0\Debug\FirstApp.ilk
